<?xml version="1.0" encoding="UTF-8"?>
<!-- Generated by org.testng.reporters.JUnitXMLReporter -->
<testsuite ignored="0" hostname="LAPTOP-8PK9TF48" failures="0" tests="3" name="DataProviderTests" time="3.623" errors="0" timestamp="2026-08-28T13:47:37 GST">
  <testcase classname="com.bookingapi.examples.DataProviderTest" name="createBookingWithJson" time="1.907"/>
  <testcase classname="com.bookingapi.examples.DataProviderTest" name="createBookingWithJson" time="0.885"/>
  <testcase classname="com.bookingapi.examples.DataProviderTest" name="createBookingWithJson" time="0.814"/>
</testsuite> <!-- DataProviderTests -->
