<?xml version="1.0" encoding="UTF-8"?>
<testsuite xmlns:xsi="http://www.w3.org/2001/XMLSchema-instance" xsi:noNamespaceSchemaLocation="https://maven.apache.org/surefire/maven-surefire-plugin/xsd/surefire-test-report-3.0.xsd" version="3.0" name="TestSuite" time="45.414" tests="6" errors="0" skipped="0" failures="0">
  <properties>
[...]
</properties>
  <testcase name="runScenario[&quot;Product created via API is visible on the storefront&quot;, &quot;Product Availability&quot;](1)" classname="com.bookingapi.runner.TestRunner" time="14.798">
    <system-out><![CDATA[Environment health check passed. Proceeding with test suite.

@hybrid
Scenario Outline: Product created via API is visible on the storefront &amp#27;[90m# src/test/resources/FeatureFiles/hybrid/productAvailability.feature:11&amp#27;[0m
Starting scenario: Product created via API is visible on the storefront
  &amp#27;[32mGiven &amp#27;[0m&amp#27;[32mthe product &amp#27;[0m&amp#27;[32m&amp#27;[1m"Blue Top"&amp#27;[0m&amp#27;[32m exists via the products API&amp#27;[0m             &amp#27;[90m# com.bookingapi.stepdefs.hybrid.ProductAvailabilitySteps.verifyIfProductExist(java.lang.String)&amp#27;[0m
  &amp#27;[32mWhen &amp#27;[0m&amp#27;[32muser opens the storefront homepage&amp#27;[0m                              &amp#27;[90m# com.bookingapi.stepdefs.hybrid.ProductAvailabilitySteps.openHomePage()&amp#27;[0m
  &amp#27;[32mThen &amp#27;[0m&amp#27;[32m&amp#27;[0m&amp#27;[32m&amp#27;[1m"Blue Top"&amp#27;[0m&amp#27;[32m should be visible in the product listing&amp#27;[0m             &amp#27;[90m# com.bookingapi.stepdefs.hybrid.ProductAvailabilitySteps.verifyIfProductIsVisible(java.lang.String)&amp#27;[0m
Finished Scenario: Product created via API is visible on the storefront
]]></system-out>
    <system-err><![CDATA[SLF4J: Failed to load class "org.slf4j.impl.StaticLoggerBinder".
SLF4J: Defaulting to no-operation (NOP) logger implementation
SLF4J: See http://www.slf4j.org/codes.html#StaticLoggerBinder for further details.
Aug 28, 2026 1:47:07 PM org.openqa.selenium.devtools.CdpVersionFinder findNearestMatch
WARNING: Unable to find CDP implementation matching 151
Aug 28, 2026 1:47:07 PM org.openqa.selenium.chromium.ChromiumDriver lambda$new$5
WARNING: Unable to find version of CDP to use for 151.0.7922.174. You may need to include a dependency on a specific version of the CDP using something similar to `org.seleniumhq.selenium:selenium-devtools-v86:4.21.0` where the version ("v86") matches the version of the chromium-based browser you're using and the version number of the artifact is the same as Selenium's.
]]></system-err>
  </testcase>
  <testcase name="runScenario[&quot;Product created via API is visible on the storefront&quot;, &quot;Product Availability&quot;](2)" classname="com.bookingapi.runner.TestRunner" time="9.257">
    <system-out><![CDATA[
@hybrid
Scenario Outline: Product created via API is visible on the storefront &amp#27;[90m# src/test/resources/FeatureFiles/hybrid/productAvailability.feature:12&amp#27;[0m
Starting scenario: Product created via API is visible on the storefront
  &amp#27;[32mGiven &amp#27;[0m&amp#27;[32mthe product &amp#27;[0m&amp#27;[32m&amp#27;[1m"Winter Top"&amp#27;[0m&amp#27;[32m exists via the products API&amp#27;[0m           &amp#27;[90m# com.bookingapi.stepdefs.hybrid.ProductAvailabilitySteps.verifyIfProductExist(java.lang.String)&amp#27;[0m
  &amp#27;[32mWhen &amp#27;[0m&amp#27;[32muser opens the storefront homepage&amp#27;[0m                              &amp#27;[90m# com.bookingapi.stepdefs.hybrid.ProductAvailabilitySteps.openHomePage()&amp#27;[0m
  &amp#27;[32mThen &amp#27;[0m&amp#27;[32m&amp#27;[0m&amp#27;[32m&amp#27;[1m"Winter Top"&amp#27;[0m&amp#27;[32m should be visible in the product listing&amp#27;[0m           &amp#27;[90m# com.bookingapi.stepdefs.hybrid.ProductAvailabilitySteps.verifyIfProductIsVisible(java.lang.String)&amp#27;[0m
Finished Scenario: Product created via API is visible on the storefront
]]></system-out>
    <system-err><![CDATA[Aug 28, 2026 1:47:16 PM org.openqa.selenium.devtools.CdpVersionFinder findNearestMatch
WARNING: Unable to find CDP implementation matching 151
Aug 28, 2026 1:47:16 PM org.openqa.selenium.chromium.ChromiumDriver lambda$new$5
WARNING: Unable to find version of CDP to use for 151.0.7922.174. You may need to include a dependency on a specific version of the CDP using something similar to `org.seleniumhq.selenium:selenium-devtools-v86:4.21.0` where the version ("v86") matches the version of the chromium-based browser you're using and the version number of the artifact is the same as Selenium's.
]]></system-err>
  </testcase>
  <testcase name="runScenario[&quot;Product created via API is visible on the storefront&quot;, &quot;Product Availability&quot;](3)" classname="com.bookingapi.runner.TestRunner" time="9.034">
    <system-out><![CDATA[
@hybrid
Scenario Outline: Product created via API is visible on the storefront &amp#27;[90m# src/test/resources/FeatureFiles/hybrid/productAvailability.feature:13&amp#27;[0m
Starting scenario: Product created via API is visible on the storefront
  &amp#27;[32mGiven &amp#27;[0m&amp#27;[32mthe product &amp#27;[0m&amp#27;[32m&amp#27;[1m"Summer White Top"&amp#27;[0m&amp#27;[32m exists via the products API&amp#27;[0m     &amp#27;[90m# com.bookingapi.stepdefs.hybrid.ProductAvailabilitySteps.verifyIfProductExist(java.lang.String)&amp#27;[0m
  &amp#27;[32mWhen &amp#27;[0m&amp#27;[32muser opens the storefront homepage&amp#27;[0m                              &amp#27;[90m# com.bookingapi.stepdefs.hybrid.ProductAvailabilitySteps.openHomePage()&amp#27;[0m
  &amp#27;[32mThen &amp#27;[0m&amp#27;[32m&amp#27;[0m&amp#27;[32m&amp#27;[1m"Summer White Top"&amp#27;[0m&amp#27;[32m should be visible in the product listing&amp#27;[0m     &amp#27;[90m# com.bookingapi.stepdefs.hybrid.ProductAvailabilitySteps.verifyIfProductIsVisible(java.lang.String)&amp#27;[0m
Finished Scenario: Product created via API is visible on the storefront
]]></system-out>
    <system-err><![CDATA[Aug 28, 2026 1:47:25 PM org.openqa.selenium.devtools.CdpVersionFinder findNearestMatch
WARNING: Unable to find CDP implementation matching 151
Aug 28, 2026 1:47:25 PM org.openqa.selenium.chromium.ChromiumDriver lambda$new$5
WARNING: Unable to find version of CDP to use for 151.0.7922.174. You may need to include a dependency on a specific version of the CDP using something similar to `org.seleniumhq.selenium:selenium-devtools-v86:4.21.0` where the version ("v86") matches the version of the chromium-based browser you're using and the version number of the artifact is the same as Selenium's.
]]></system-err>
  </testcase>
  <testcase name="createBookingWithJson[com.bookingapi.pojo.Booking@77eb8119](1)" classname="com.bookingapi.examples.DataProviderTest" time="1.909">
    <system-out><![CDATA[
3 Scenarios (&amp#27;[32m3 passed&amp#27;[0m)
9 Steps (&amp#27;[32m9 passed&amp#27;[0m)
0m38.444s


Response body for Sara: {"bookingid":3632,"booking":{"firstname":"Sara","lastname":"Lee","totalprice":180,"depositpaid":true,"bookingdates":{"checkin":"2026-06-01","checkout":"2026-06-03"},"additionalneeds":"lunch"}}
]]></system-out>
  </testcase>
  <testcase name="createBookingWithJson[com.bookingapi.pojo.Booking@2d0a29e0](2)" classname="com.bookingapi.examples.DataProviderTest" time="0.888">
    <system-out><![CDATA[Response body for Tom: {"bookingid":3643,"booking":{"firstname":"Tom","lastname":"Nguyen","totalprice":260,"depositpaid":false,"bookingdates":{"checkin":"2026-07-15","checkout":"2026-07-18"},"additionalneeds":"dinner"}}
]]></system-out>
  </testcase>
  <testcase name="createBookingWithJson[com.bookingapi.pojo.Booking@894b62d](3)" classname="com.bookingapi.examples.DataProviderTest" time="0.809">
    <system-out><![CDATA[Response body for Mia: {"bookingid":3648,"booking":{"firstname":"Mia","lastname":"Patel","totalprice":340,"depositpaid":true,"bookingdates":{"checkin":"2026-08-05","checkout":"2026-08-09"},"additionalneeds":"breakfast"}}
]]></system-out>
  </testcase>
</testsuite>