<?xml version="1.0" encoding="UTF-8"?>
<testng-results ignored="0" total="6" passed="6" failed="0" skipped="0">
  <reporter-output>
  </reporter-output>
  <suite started-at="2026-08-28T13:46:53 GST" name="BookingAPISuite" finished-at="2026-08-28T13:47:37 GST" duration-ms="43559">
    <groups>
      <group name="cucumber">
        <method signature="AbstractTestNGCucumberTests.runScenario(io.cucumber.testng.PickleWrapper,io.cucumber.testng.FeatureWrapper)[pri:0, instance:com.bookingapi.runner.TestRunner@13c9d689]" name="runScenario" class="io.cucumber.testng.AbstractTestNGCucumberTests"/>
      </group> <!-- cucumber -->
    </groups>
    <test started-at="2026-08-28T13:46:53 GST" name="BookingAPITests" finished-at="2026-08-28T13:47:33 GST" duration-ms="39908">
      <class name="com.bookingapi.runner.TestRunner">
        <test-method is-config="true" signature="setUpClass(org.testng.ITestContext)[pri:0, instance:com.bookingapi.runner.TestRunner@13c9d689]" started-at="2026-08-28T13:46:53 GST" name="setUpClass" finished-at="2026-08-28T13:46:59 GST" duration-ms="5980" status="PASS">
          <params>
            <param index="0">
              <value>
                <![CDATA[org.testng.TestRunner@5f577419]]>
              </value>
            </param>
          </params>
          <reporter-output>
          </reporter-output>
        </test-method> <!-- setUpClass -->
        <test-method signature="runScenario(io.cucumber.testng.PickleWrapper,io.cucumber.testng.FeatureWrapper)[pri:0, instance:com.bookingapi.runner.TestRunner@13c9d689]" started-at="2026-08-28T13:46:59 GST" name="runScenario" description="Runs Cucumber Scenarios" data-provider="scenarios" finished-at="2026-08-28T13:47:14 GST" duration-ms="14790" status="PASS">
          <params>
            <param index="0">
              <value>
                <![CDATA["Product created via API is visible on the storefront"]]>
              </value>
            </param>
            <param index="1">
              <value>
                <![CDATA["Product Availability"]]>
              </value>
            </param>
          </params>
          <reporter-output>
          </reporter-output>
        </test-method> <!-- runScenario -->
        <test-method signature="runScenario(io.cucumber.testng.PickleWrapper,io.cucumber.testng.FeatureWrapper)[pri:0, instance:com.bookingapi.runner.TestRunner@13c9d689]" started-at="2026-08-28T13:47:14 GST" name="runScenario" description="Runs Cucumber Scenarios" data-provider="scenarios" finished-at="2026-08-28T13:47:23 GST" duration-ms="9259" status="PASS">
          <params>
            <param index="0">
              <value>
                <![CDATA["Product created via API is visible on the storefront"]]>
              </value>
            </param>
            <param index="1">
              <value>
                <![CDATA["Product Availability"]]>
              </value>
            </param>
          </params>
          <reporter-output>
          </reporter-output>
        </test-method> <!-- runScenario -->
        <test-method signature="runScenario(io.cucumber.testng.PickleWrapper,io.cucumber.testng.FeatureWrapper)[pri:0, instance:com.bookingapi.runner.TestRunner@13c9d689]" started-at="2026-08-28T13:47:23 GST" name="runScenario" description="Runs Cucumber Scenarios" data-provider="scenarios" finished-at="2026-08-28T13:47:32 GST" duration-ms="9034" status="PASS">
          <params>
            <param index="0">
              <value>
                <![CDATA["Product created via API is visible on the storefront"]]>
              </value>
            </param>
            <param index="1">
              <value>
                <![CDATA["Product Availability"]]>
              </value>
            </param>
          </params>
          <reporter-output>
          </reporter-output>
        </test-method> <!-- runScenario -->
        <test-method is-config="true" signature="tearDownClass()[pri:0, instance:com.bookingapi.runner.TestRunner@13c9d689]" started-at="2026-08-28T13:47:32 GST" name="tearDownClass" finished-at="2026-08-28T13:47:33 GST" duration-ms="777" status="PASS">
          <reporter-output>
          </reporter-output>
        </test-method> <!-- tearDownClass -->
      </class> <!-- com.bookingapi.runner.TestRunner -->
    </test> <!-- BookingAPITests -->
    <test started-at="2026-08-28T13:47:33 GST" name="DataProviderTests" finished-at="2026-08-28T13:47:37 GST" duration-ms="3623">
      <class name="com.bookingapi.examples.DataProviderTest">
        <test-method signature="createBookingWithJson(com.bookingapi.pojo.Booking)[pri:0, instance:com.bookingapi.examples.DataProviderTest@82c57b3]" started-at="2026-08-28T13:47:33 GST" name="createBookingWithJson" data-provider="bookingData" finished-at="2026-08-28T13:47:35 GST" duration-ms="1907" status="PASS">
          <params>
            <param index="0">
              <value>
                <![CDATA[com.bookingapi.pojo.Booking@77eb8119]]>
              </value>
            </param>
          </params>
          <reporter-output>
          </reporter-output>
        </test-method> <!-- createBookingWithJson -->
        <test-method signature="createBookingWithJson(com.bookingapi.pojo.Booking)[pri:0, instance:com.bookingapi.examples.DataProviderTest@82c57b3]" started-at="2026-08-28T13:47:35 GST" name="createBookingWithJson" data-provider="bookingData" finished-at="2026-08-28T13:47:36 GST" duration-ms="885" status="PASS">
          <params>
            <param index="0">
              <value>
                <![CDATA[com.bookingapi.pojo.Booking@2d0a29e0]]>
              </value>
            </param>
          </params>
          <reporter-output>
          </reporter-output>
        </test-method> <!-- createBookingWithJson -->
        <test-method signature="createBookingWithJson(com.bookingapi.pojo.Booking)[pri:0, instance:com.bookingapi.examples.DataProviderTest@82c57b3]" started-at="2026-08-28T13:47:36 GST" name="createBookingWithJson" data-provider="bookingData" finished-at="2026-08-28T13:47:37 GST" duration-ms="814" status="PASS">
          <params>
            <param index="0">
              <value>
                <![CDATA[com.bookingapi.pojo.Booking@894b62d]]>
              </value>
            </param>
          </params>
          <reporter-output>
          </reporter-output>
        </test-method> <!-- createBookingWithJson -->
      </class> <!-- com.bookingapi.examples.DataProviderTest -->
    </test> <!-- DataProviderTests -->
  </suite> <!-- BookingAPISuite -->
</testng-results>
