<?xml version="1.0" encoding="UTF-8"?>
<!-- Generated by org.testng.reporters.JUnitReportReporter -->
<testsuite hostname="LAPTOP-8PK9TF48" failures="0" tests="3" name="com.bookingapi.runner.TestRunner" time="33.083" errors="0" timestamp="2026-08-28T13:47:37 GST" skipped="0">
  <testcase classname="com.bookingapi.runner.TestRunner" name="runScenario" time="14.790"/>
  <testcase classname="com.bookingapi.runner.TestRunner" name="runScenario" time="9.259"/>
  <testcase classname="com.bookingapi.runner.TestRunner" name="runScenario" time="9.034"/>
</testsuite> <!-- com.bookingapi.runner.TestRunner -->
